<?xml version="1.0" encoding="UTF-8" ?>
<testsuite failures="0" time="0.094" errors="0" skipped="0" tests="1" name="com.google.code.mybatis.generator.plugins.test.GenerationTest">
  <properties>
    <property name="java.runtime.name" value="Java(TM) SE Runtime Environment"/>
    <property name="sun.boot.library.path" value="C:\Programme\Java\jdk1.6.0_17\jre\bin"/>
    <property name="java.vm.version" value="14.3-b01"/>
    <property name="java.vm.vendor" value="Sun Microsystems Inc."/>
    <property name="java.vendor.url" value="http://java.sun.com/"/>
    <property name="path.separator" value=";"/>
    <property name="java.vm.name" value="Java HotSpot(TM) Client VM"/>
    <property name="file.encoding.pkg" value="sun.io"/>
    <property name="user.country" value="DE"/>
    <property name="sun.java.launcher" value="SUN_STANDARD"/>
    <property name="sun.os.patch.level" value="Service Pack 2"/>
    <property name="java.vm.specification.name" value="Java Virtual Machine Specification"/>
    <property name="user.dir" value="C:\DEV\IDEAProjects\mybatis-generator\mybatis-generator-plugins-tests"/>
    <property name="java.runtime.version" value="1.6.0_17-b04"/>
    <property name="java.awt.graphicsenv" value="sun.awt.Win32GraphicsEnvironment"/>
    <property name="basedir" value="C:\DEV\IDEAProjects\mybatis-generator\mybatis-generator-plugins-tests"/>
    <property name="java.endorsed.dirs" value="C:\Programme\Java\jdk1.6.0_17\jre\lib\endorsed"/>
    <property name="os.arch" value="x86"/>
    <property name="surefire.real.class.path" value="C:\DOKUME~1\KALINA\LOKALE~1\Temp\surefirebooter4881907188974387044.jar"/>
    <property name="java.io.tmpdir" value="C:\DOKUME~1\KALINA\LOKALE~1\Temp\"/>
    <property name="line.separator" value="
"/>
    <property name="java.vm.specification.vendor" value="Sun Microsystems Inc."/>
    <property name="user.variant" value=""/>
    <property name="os.name" value="Windows XP"/>
    <property name="sun.jnu.encoding" value="Cp1252"/>
    <property name="java.library.path" value="C:\Programme\Java\jdk1.6.0_17\jre\bin;.;C:\WINDOWS\Sun\Java\bin;C:\WINDOWS\system32;C:\WINDOWS;C:\Programme\JetBrains\IntelliJ IDEA Community Edition 10.5.1\bin\..\.\bin;C:\Programme\JetBrains\IntelliJ IDEA Community Edition 10.5.1\bin\..\.\bin;C:\oracle\product\10.2.0\client_1\bin;C:\WINDOWS\system32\drivers;C:\DEV\ibm_jdk_version_J2RE_1.5.0_IBM_J9_2.3\bin;C:\DEV\apache-maven-2.2.1\bin;C:\DEV\apache-ant-1.7.1/bin;C:\Programme\JavaFX\javafx-sdk1.2\bin;C:\Programme\JavaFX\javafx-sdk1.2\emulator\bin;C:\WINDOWS\system32;C:\WINDOWS;C:\WINDOWS\System32\Wbem;C:\WINDOWS\system32\nls;C:\WINDOWS\system32\nls\DEUTSCH;C:\Programme\Novell\ZENworks\;C:\Programme\Reflection\;C:\Programme\IBM\Client Access\Emulator;C:\Programme\IBM\Client Access\Shared;C:\Programme\IBM\Client Access\;C:\oracle\ora92\bin;%*PROGRAMFILES%\Oracle\jre\1.3.1\bin;%*PROGRAMFILES%\Oracle\jre\1.1.8\bin;C:\DEV\flex_sdk_3.5.0.12683\bin;C:\Programme\TortoiseSVN\bin;c:\DEV\Python31;C:\WINDOWS\System32\Empirum;C:\Programme\CVSNT\;c:\programme\jetbrains\intellij idea community edition 10.5.1\jre\jre\bin;c:\programme\jetbrains\intellij idea community edition 10.5.1\jre\jre\bin"/>
    <property name="surefire.test.class.path" value="C:\DEV\IDEAProjects\mybatis-generator\mybatis-generator-plugins-tests\target\test-classes;C:\DEV\IDEAProjects\mybatis-generator\mybatis-generator-plugins-tests\target\classes;C:\Dokumente und Einstellungen\KALINA\.m2\repository\com\google\code\mybatis\generator\mybatis-generator-plugins\1.0-SNAPSHOT\mybatis-generator-plugins-1.0-SNAPSHOT.jar;C:\Dokumente und Einstellungen\KALINA\.m2\repository\org\mybatis\generator\mybatis-generator-core\1.3.1\mybatis-generator-core-1.3.1.jar;C:\Dokumente und Einstellungen\KALINA\.m2\repository\org\mybatis\mybatis\3.0.6\mybatis-3.0.6.jar;C:\Dokumente und Einstellungen\KALINA\.m2\repository\org\mybatis\mybatis-ehcache\1.0.0\mybatis-ehcache-1.0.0.jar;C:\Dokumente und Einstellungen\KALINA\.m2\repository\net\sf\ehcache\ehcache-core\2.0.0\ehcache-core-2.0.0.jar;C:\Dokumente und Einstellungen\KALINA\.m2\repository\org\slf4j\slf4j-api\1.5.8\slf4j-api-1.5.8.jar;C:\Dokumente und Einstellungen\KALINA\.m2\repository\junit\junit\4.8.2\junit-4.8.2.jar;C:\Dokumente und Einstellungen\KALINA\.m2\repository\com\google\code\javaparser\javaparser\1.0.8\javaparser-1.0.8.jar;"/>
    <property name="java.specification.name" value="Java Platform API Specification"/>
    <property name="java.class.version" value="50.0"/>
    <property name="sun.management.compiler" value="HotSpot Client Compiler"/>
    <property name="os.version" value="5.1"/>
    <property name="user.home" value="C:\Dokumente und Einstellungen\KALINA"/>
    <property name="user.timezone" value=""/>
    <property name="java.awt.printerjob" value="sun.awt.windows.WPrinterJob"/>
    <property name="java.specification.version" value="1.6"/>
    <property name="file.encoding" value="Cp1252"/>
    <property name="user.name" value="KALINA"/>
    <property name="java.class.path" value="C:\DEV\IDEAProjects\mybatis-generator\mybatis-generator-plugins-tests\target\test-classes;C:\DEV\IDEAProjects\mybatis-generator\mybatis-generator-plugins-tests\target\classes;C:\Dokumente und Einstellungen\KALINA\.m2\repository\com\google\code\mybatis\generator\mybatis-generator-plugins\1.0-SNAPSHOT\mybatis-generator-plugins-1.0-SNAPSHOT.jar;C:\Dokumente und Einstellungen\KALINA\.m2\repository\org\mybatis\generator\mybatis-generator-core\1.3.1\mybatis-generator-core-1.3.1.jar;C:\Dokumente und Einstellungen\KALINA\.m2\repository\org\mybatis\mybatis\3.0.6\mybatis-3.0.6.jar;C:\Dokumente und Einstellungen\KALINA\.m2\repository\org\mybatis\mybatis-ehcache\1.0.0\mybatis-ehcache-1.0.0.jar;C:\Dokumente und Einstellungen\KALINA\.m2\repository\net\sf\ehcache\ehcache-core\2.0.0\ehcache-core-2.0.0.jar;C:\Dokumente und Einstellungen\KALINA\.m2\repository\org\slf4j\slf4j-api\1.5.8\slf4j-api-1.5.8.jar;C:\Dokumente und Einstellungen\KALINA\.m2\repository\junit\junit\4.8.2\junit-4.8.2.jar;C:\Dokumente und Einstellungen\KALINA\.m2\repository\com\google\code\javaparser\javaparser\1.0.8\javaparser-1.0.8.jar;"/>
    <property name="java.vm.specification.version" value="1.0"/>
    <property name="sun.arch.data.model" value="32"/>
    <property name="java.home" value="C:\Programme\Java\jdk1.6.0_17\jre"/>
    <property name="java.specification.vendor" value="Sun Microsystems Inc."/>
    <property name="user.language" value="de"/>
    <property name="awt.toolkit" value="sun.awt.windows.WToolkit"/>
    <property name="java.vm.info" value="mixed mode, sharing"/>
    <property name="java.version" value="1.6.0_17"/>
    <property name="java.ext.dirs" value="C:\Programme\Java\jdk1.6.0_17\jre\lib\ext;C:\WINDOWS\Sun\Java\lib\ext"/>
    <property name="sun.boot.class.path" value="C:\Programme\Java\jdk1.6.0_17\jre\lib\resources.jar;C:\Programme\Java\jdk1.6.0_17\jre\lib\rt.jar;C:\Programme\Java\jdk1.6.0_17\jre\lib\sunrsasign.jar;C:\Programme\Java\jdk1.6.0_17\jre\lib\jsse.jar;C:\Programme\Java\jdk1.6.0_17\jre\lib\jce.jar;C:\Programme\Java\jdk1.6.0_17\jre\lib\charsets.jar;C:\Programme\Java\jdk1.6.0_17\jre\classes"/>
    <property name="java.vendor" value="Sun Microsystems Inc."/>
    <property name="localRepository" value="C:\Dokumente und Einstellungen\KALINA\.m2\repository"/>
    <property name="file.separator" value="\"/>
    <property name="java.vendor.url.bug" value="http://java.sun.com/cgi-bin/bugreport.cgi"/>
    <property name="sun.cpu.endian" value="little"/>
    <property name="sun.io.unicode.encoding" value="UnicodeLittle"/>
    <property name="sun.desktop" value="windows"/>
    <property name="sun.cpu.isalist" value="pentium_pro+mmx pentium_pro pentium+mmx pentium i486 i386 i86"/>
  </properties>
  <testcase time="0.062" classname="com.google.code.mybatis.generator.plugins.test.GenerationTest" name="testBuilderPlugin"/>
</testsuite>